<?xml version="1.0" encoding="UTF-8"?>
<!-- Generated by org.testng.reporters.JUnitReportReporter -->
<testsuite hostname="Neerajworkstation" failures="0" tests="3" name="com.org.tests.Loginpagetest" time="1.139" errors="0" timestamp="2023-07-24T15:33:22 IST" skipped="0">
  <testcase classname="com.org.tests.Loginpagetest" name="validatelogintest" time="0.912"/>
  <system-out/>
  <testcase classname="com.org.tests.Loginpagetest" name="validatepassword" time="0.134"/>
  <system-out/>
  <testcase classname="com.org.tests.Loginpagetest" name="validatebutton" time="0.093"/>
  <system-out/>
</testsuite> <!-- com.org.tests.Loginpagetest -->
